17:16:11.615 [main] DEBUG api.test.UserTests - debugging.....
17:16:11.662 [main] INFO  api.test.UserTests - ********** Creating user  ***************
17:16:16.785 [main] INFO  api.test.UserTests - **********User is creatged  ***************
17:16:16.812 [main] INFO  api.test.UserTests - ********** Reading User Info ***************
17:16:18.411 [main] INFO  api.test.UserTests - **********User info  is displayed ***************
17:16:18.424 [main] INFO  api.test.UserTests - ********** Updating User ***************
17:16:20.127 [main] INFO  api.test.UserTests - ********** User updated ***************
17:16:22.814 [main] INFO  api.test.UserTests - **********   Deleting User  ***************
17:16:24.342 [main] INFO  api.test.UserTests - ********** User deleted ***************
17:28:30.720 [main] DEBUG api.test.UserTests2 - debugging.....
17:28:30.764 [main] INFO  api.test.UserTests2 - ********** Creating user  ***************
17:28:36.417 [main] INFO  api.test.UserTests2 - **********User is creatged  ***************
17:28:36.436 [main] INFO  api.test.UserTests2 - ********** Reading User Info ***************
17:28:38.061 [main] INFO  api.test.UserTests2 - **********User info  is displayed ***************
17:28:38.072 [main] INFO  api.test.UserTests2 - ********** Updating User ***************
17:28:39.693 [main] INFO  api.test.UserTests2 - ********** User updated ***************
17:28:41.238 [main] INFO  api.test.UserTests2 - **********   Deleting User  ***************
17:28:44.401 [main] INFO  api.test.UserTests2 - ********** User deleted ***************
17:35:05.691 [main] DEBUG api.test.UserTests2 - debugging.....
17:35:05.720 [main] INFO  api.test.UserTests2 - ********** Creating user  ***************
17:35:11.242 [main] INFO  api.test.UserTests2 - **********User is creatged  ***************
17:35:11.259 [main] INFO  api.test.UserTests2 - ********** Reading User Info ***************
17:35:13.123 [main] INFO  api.test.UserTests2 - **********User info  is displayed ***************
17:35:13.127 [main] INFO  api.test.UserTests2 - ********** Updating User ***************
17:35:14.726 [main] INFO  api.test.UserTests2 - ********** User updated ***************
17:35:16.400 [main] INFO  api.test.UserTests2 - **********   Deleting User  ***************
17:35:18.136 [main] INFO  api.test.UserTests2 - ********** User deleted ***************
17:44:14.337 [main] DEBUG api.test.UserTests2 - debugging.....
17:44:14.403 [main] INFO  api.test.UserTests2 - ********** Creating user  ***************
17:44:19.938 [main] INFO  api.test.UserTests2 - **********User is creatged  ***************
17:44:19.967 [main] INFO  api.test.UserTests2 - ********** Reading User Info ***************
17:44:21.691 [main] INFO  api.test.UserTests2 - **********User info  is displayed ***************
17:44:21.695 [main] INFO  api.test.UserTests2 - ********** Updating User ***************
17:44:23.429 [main] INFO  api.test.UserTests2 - ********** User updated ***************
17:44:25.069 [main] INFO  api.test.UserTests2 - **********   Deleting User  ***************
17:44:26.605 [main] INFO  api.test.UserTests2 - ********** User deleted ***************
